[05/14/18 01:05:22] D2BS 5536: D2BS Engine startup complete. 1.5.1868
[05/14/18 01:05:22] D2BS 5536: LinkboltMF
[05/14/18 01:05:58] D2BS 5536: D2BS Shutdown complete.
[05/14/18 01:06:23] D2BS 12608: D2BS Engine startup complete. 1.5.1868
[05/14/18 01:06:23] D2BS 12608: LinkboltMF
[05/14/18 01:17:45] D2BS 12140: D2BS Engine startup complete. 1.5.1868
[05/14/18 01:17:45] D2BS 12140: LinkboltMF
[05/14/18 01:18:24] D2BS 9636: D2BS Engine startup complete. 1.5.1868
[05/14/18 01:18:24] D2BS 9636: LinkboltMF
[05/14/18 01:18:27] D2BS 9636: D2BS Shutdown complete.
[05/14/18 01:25:10] D2BS 6072: D2BS Engine startup complete. 1.5.1868
[05/14/18 01:25:10] D2BS 6072: LinkboltMF
[05/14/18 01:32:16] D2BS 3420: D2BS Engine startup complete. 1.5.1868
[05/14/18 01:32:16] D2BS 3420: LinkboltMF
[05/14/18 01:41:26] D2BS 7824: D2BS Engine startup complete. 1.5.1868
[05/14/18 01:41:26] D2BS 7824: LinkboltMF
[05/14/18 02:16:58] D2BS 1864: D2BS Engine startup complete. 1.5.1868
[05/14/18 02:16:58] D2BS 1864: LinkboltMF
[05/14/18 02:17:26] D2BS 1864: [Error] Code(0) File(d:\work\diablo 2\d2bot-with-kolbot\d2bs\kolbot\libs\common\config.js:95) Error: Config.init: Error in character config.
Line: (null)
[05/14/18 02:18:12] D2BS 8200: D2BS Engine startup complete. 1.5.1868
[05/14/18 02:18:12] D2BS 8200: LinkboltMF
[05/14/18 02:19:05] D2BS 8200: [Error] Code(0) File(d:\work\diablo 2\d2bot-with-kolbot\d2bs\kolbot\libs\common\config.js:95) Error: Config.init: Error in character config.
Line: (null)
[05/14/18 02:21:29] D2BS 13824: D2BS Engine startup complete. 1.5.1868
[05/14/18 02:21:29] D2BS 13824: LinkboltMF
[05/14/18 02:27:05] D2BS 11232: D2BS Engine startup complete. 1.5.1868
[05/14/18 02:27:05] D2BS 11232: LinkboltMF
[05/14/18 02:27:13] D2BS 11232: D2BS Shutdown complete.
[05/14/18 02:27:26] D2BS 9816: D2BS Engine startup complete. 1.5.1868
[05/14/18 02:27:26] D2BS 9816: LinkboltMF
[05/14/18 02:35:11] D2BS 14192: D2BS Engine startup complete. 1.5.1868
[05/14/18 02:35:11] D2BS 14192: LinkboltMF
[05/14/18 02:40:44] D2BS 11200: D2BS Engine startup complete. 1.5.1868
[05/14/18 02:40:44] D2BS 11200: LinkboltMF
[05/14/18 03:17:07] D2BS 11200: D2BS Shutdown complete.
[05/14/18 03:26:10] D2BS 10300: D2BS Engine startup complete. 1.5.1868
[05/14/18 03:26:10] D2BS 10300: LinkboltMF
[05/14/18 03:26:15] D2BS 10300: D2BS Shutdown complete.
[05/14/18 03:26:15] D2BS 9320: D2BS Engine startup complete. 1.5.1868
[05/14/18 03:26:15] D2BS 9320: LinkboltMF
[05/14/18 03:26:18] D2BS 9320: D2BS Shutdown complete.
[05/14/18 03:27:12] D2BS 2292: D2BS Engine startup complete. 1.5.1868
[05/14/18 03:27:12] D2BS 2292: LinkboltMF
[05/14/18 08:04:08] D2BS 2292: D2BS Shutdown complete.
[05/14/18 08:04:08] D2BS 12984: D2BS Engine startup complete. 1.5.1868
[05/14/18 08:04:08] D2BS 12984: LinkboltMF
[05/14/18 08:04:28] D2BS 12984: D2BS Shutdown complete.
